2022-05-21T03:57:10+00:00 DEBUG <------------------- WebToffee PayPal Express Payment ( Setting Express Checkout ) ------------------->
stdClass Object
(
    [METHOD] => SetExpressCheckout
    [RETURNURL] => http://localhost/e-anahawan/wc-api/Eh_PayPal_Express_Payment/?c=express_details&express=false&p=http://localhost/e-anahawan/checkout/
    [CANCELURL] => http://localhost/e-anahawan/checkout/?cancel_express_checkout=cancel
    [ADDROVERRIDE] => 
    [BRANDNAME] => TABO-AN
    [HDRIMG] => 
    [LOGOIMG] => 
    [SOLUTIONTYPE] => Sole
    [LOCALECODE] => en_US
    [LANDINGPAGE] => Billing
    [L_PAYMENTREQUEST_0_NAME0] => Fresh Green Mango 1kg
    [L_PAYMENTREQUEST_0_DESC0] => 
    [L_PAYMENTREQUEST_0_AMT0] => 50
    [L_PAYMENTREQUEST_0_QTY0] => 1
    [L_PAYMENTREQUEST_0_ITEMURL0] => http://localhost/e-anahawan/product/fresh-green-mango-1kg/
    [PAYMENTREQUEST_0_AMT] => 75
    [PAYMENTREQUEST_0_CURRENCYCODE] => PHP
    [PAYMENTREQUEST_0_ITEMAMT] => 50
    [PAYMENTREQUEST_0_SHIPPINGAMT] => 25
    [PAYMENTREQUEST_0_TAXAMT] => 0
    [PAYMENTREQUEST_0_SHIPDISCAMT] => 0
    [PAYMENTREQUEST_0_PAYMENTACTION] => Sale
    [MAXAMT] => 132
    [PAYMENTREQUEST_0_SHIPTONAME] => cyber Jorj
    [PAYMENTREQUEST_0_SHIPTOSTREET] => Purok Sampaguita, Poblacion, Anahawan Southern Leyte
    [PAYMENTREQUEST_0_SHIPTOSTREET2] => 
    [PAYMENTREQUEST_0_SHIPTOCITY] => Anahawan
    [PAYMENTREQUEST_0_SHIPTOSTATE] => SLE
    [PAYMENTREQUEST_0_SHIPTOZIP] => 6610
    [PAYMENTREQUEST_0_SHIPTOCOUNTRYCODE] => PH
    [PAYMENTREQUEST_0_SHIPTOPHONENUM] => 09657985806
    [PAYMENTREQUEST_0_NOTETEXT] => 
    [PAYMENTREQUEST_0_EMAIL] => cyberjorj@gmail.com
    [PAYMENTREQUEST_0_PAYMENTREQUESTID] => 
)

2022-05-21T03:57:12+00:00 DEBUG <------------------- WebToffee PayPal Express Payment ( Response on Express Start/Credit Start ) ------------------->
stdClass Object
(
    [TOKEN] => EC-1B976944D6979832N
    [TIMESTAMP] => 2022-05-21T03:57:33Z
    [CORRELATIONID] => 32ccb0dc4a4d4
    [ACK] => Success
    [BUILD] => 56755938
)

2022-05-21T03:58:27+00:00 DEBUG <------------------- WebToffee PayPal Express Payment ( Setting Express Checkout ) ------------------->
stdClass Object
(
    [METHOD] => SetExpressCheckout
    [RETURNURL] => http://localhost/e-anahawan/wc-api/Eh_PayPal_Express_Payment/?c=express_details&express=false&p=http://localhost/e-anahawan/checkout/
    [CANCELURL] => http://localhost/e-anahawan/checkout/?cancel_express_checkout=cancel
    [ADDROVERRIDE] => 
    [BRANDNAME] => TABO-AN
    [HDRIMG] => 
    [LOGOIMG] => 
    [SOLUTIONTYPE] => Sole
    [LOCALECODE] => en_US
    [LANDINGPAGE] => Billing
    [L_PAYMENTREQUEST_0_NAME0] => Fresh Green Mango 1kg
    [L_PAYMENTREQUEST_0_DESC0] => 
    [L_PAYMENTREQUEST_0_AMT0] => 50
    [L_PAYMENTREQUEST_0_QTY0] => 1
    [L_PAYMENTREQUEST_0_ITEMURL0] => http://localhost/e-anahawan/product/fresh-green-mango-1kg/
    [PAYMENTREQUEST_0_AMT] => 75
    [PAYMENTREQUEST_0_CURRENCYCODE] => PHP
    [PAYMENTREQUEST_0_ITEMAMT] => 50
    [PAYMENTREQUEST_0_SHIPPINGAMT] => 25
    [PAYMENTREQUEST_0_TAXAMT] => 0
    [PAYMENTREQUEST_0_SHIPDISCAMT] => 0
    [PAYMENTREQUEST_0_PAYMENTACTION] => Sale
    [MAXAMT] => 132
    [PAYMENTREQUEST_0_SHIPTONAME] => cyber Jorj
    [PAYMENTREQUEST_0_SHIPTOSTREET] => Purok Sampaguita, Poblacion, Anahawan Southern Leyte
    [PAYMENTREQUEST_0_SHIPTOSTREET2] => 
    [PAYMENTREQUEST_0_SHIPTOCITY] => Anahawan
    [PAYMENTREQUEST_0_SHIPTOSTATE] => SLE
    [PAYMENTREQUEST_0_SHIPTOZIP] => 6610
    [PAYMENTREQUEST_0_SHIPTOCOUNTRYCODE] => PH
    [PAYMENTREQUEST_0_SHIPTOPHONENUM] => 09657985806
    [PAYMENTREQUEST_0_NOTETEXT] => 
    [PAYMENTREQUEST_0_EMAIL] => cyberjorj@gmail.com
    [PAYMENTREQUEST_0_PAYMENTREQUESTID] => 
)

2022-05-21T03:58:28+00:00 DEBUG <------------------- WebToffee PayPal Express Payment ( Response on Express Start/Credit Start ) ------------------->
stdClass Object
(
    [TOKEN] => EC-2SU503981V670243E
    [TIMESTAMP] => 2022-05-21T03:58:49Z
    [CORRELATIONID] => 336800b16c0e0
    [ACK] => Success
    [BUILD] => 56755938
)

